<?xml version="1.0" encoding="UTF-8"?>
<testsuite xmlns:xsi="http://www.w3.org/2001/XMLSchema-instance" xsi:schemaLocation="https://maven.apache.org/surefire/maven-surefire-plugin/xsd/surefire-test-report.xsd" name="TestSuite" time="25.636" tests="1" errors="0" skipped="0" failures="1">
  <properties>
    <property name="idea.version" value="2017.2.3"/>
    <property name="java.runtime.name" value="Java(TM) SE Runtime Environment"/>
    <property name="sun.boot.library.path" value="C:\Program Files\Java\jdk1.8.0_141\jre\bin"/>
    <property name="java.vm.version" value="25.141-b15"/>
    <property name="java.vm.vendor" value="Oracle Corporation"/>
    <property name="maven.multiModuleProjectDirectory" value="C:\Users\saha4\IdeaProjects\TeamFourTesting\Facebook"/>
    <property name="java.vendor.url" value="http://java.oracle.com/"/>
    <property name="path.separator" value=";"/>
    <property name="guice.disable.misplaced.annotation.check" value="true"/>
    <property name="java.vm.name" value="Java HotSpot(TM) 64-Bit Server VM"/>
    <property name="file.encoding.pkg" value="sun.io"/>
    <property name="user.script" value=""/>
    <property name="user.country" value="US"/>
    <property name="sun.java.launcher" value="SUN_STANDARD"/>
    <property name="sun.os.patch.level" value=""/>
    <property name="java.vm.specification.name" value="Java Virtual Machine Specification"/>
    <property name="user.dir" value="C:\Users\saha4\IdeaProjects\TeamFourTesting\Facebook"/>
    <property name="java.runtime.version" value="1.8.0_141-b15"/>
    <property name="java.awt.graphicsenv" value="sun.awt.Win32GraphicsEnvironment"/>
    <property name="java.endorsed.dirs" value="C:\Program Files\Java\jdk1.8.0_141\jre\lib\endorsed"/>
    <property name="os.arch" value="amd64"/>
    <property name="java.io.tmpdir" value="C:\Users\saha4\AppData\Local\Temp\"/>
    <property name="line.separator" value="&#10;"/>
    <property name="java.vm.specification.vendor" value="Oracle Corporation"/>
    <property name="user.variant" value=""/>
    <property name="os.name" value="Windows 10"/>
    <property name="classworlds.conf" value="C:\Program Files\JetBrains\IntelliJ IDEA Community Edition 2017.2.2\plugins\maven\lib\maven3\bin\m2.conf"/>
    <property name="sun.jnu.encoding" value="Cp1252"/>
    <property name="java.library.path" value="C:\Program Files\Java\jdk1.8.0_141\bin;C:\WINDOWS\Sun\Java\bin;C:\WINDOWS\system32;C:\WINDOWS;C:\ProgramData\Oracle\Java\javapath;C:\WINDOWS\system32;C:\WINDOWS;C:\WINDOWS\System32\Wbem;C:\WINDOWS\System32\WindowsPowerShell\v1.0\;C:\Program Files\Microsoft SQL Server\110\DTS\Binn\;C:\Program Files\Microsoft SQL Server\Client SDK\ODBC\110\Tools\Binn\;C:\Program Files (x86)\Microsoft SQL Server\110\Tools\Binn\;C:\Program Files\Microsoft SQL Server\110\Tools\Binn\;C:\Program Files (x86)\Microsoft SQL Server\110\Tools\Binn\ManagementStudio\;C:\Program Files (x86)\Microsoft SQL Server\110\DTS\Binn\;C:\Program Files\Intel\WiFi\bin\;C:\Program Files\Common Files\Intel\WirelessCommon\;C:\Program Files (x86)\Microsoft SQL Server\Client SDK\ODBC\130\Tools\Binn\;C:\Program Files (x86)\Microsoft SQL Server\130\Tools\Binn\;C:\Program Files (x86)\Microsoft SQL Server\130\DTS\Binn\;C:\Program Files (x86)\Microsoft SQL Server\130\Tools\Binn\ManagementStudio\;C:\Program Files (x86)\Microsoft SQL Server\Client SDK\ODBC\110\Tools\Binn\;C:\Program Files (x86)\Microsoft SQL Server\120\Tools\Binn\ManagementStudio\;C:\Program Files (x86)\Microsoft SQL Server\120\Tools\Binn\;C:\Program Files (x86)\Microsoft SQL Server\120\DTS\Binn\;C:\Program Files\Java\jdk1.8.0_141\bin;C:\Program Files\Git\cmd;C:\Program Files\MySQL\MySQL Utilities 1.6\;C:\Program Files\apache_sofware\apache-maven-3.5.0\bin;C:\Users\saha4\AppData\Local\Microsoft\WindowsApps;C:\Program Files\MongoDB\Server\3.4\bin;C:\Users\saha4\AppData\Local\GitHubDesktop\bin;."/>
    <property name="java.specification.name" value="Java Platform API Specification"/>
    <property name="java.class.version" value="52.0"/>
    <property name="sun.management.compiler" value="HotSpot 64-Bit Tiered Compilers"/>
    <property name="os.version" value="10.0"/>
    <property name="user.home" value="C:\Users\saha4"/>
    <property name="user.timezone" value="America/New_York"/>
    <property name="java.awt.printerjob" value="sun.awt.windows.WPrinterJob"/>
    <property name="java.specification.version" value="1.8"/>
    <property name="file.encoding" value="UTF-8"/>
    <property name="user.name" value="saha4"/>
    <property name="java.class.path" value="C:\Program Files\JetBrains\IntelliJ IDEA Community Edition 2017.2.2\plugins\maven\lib\maven3\boot\plexus-classworlds-2.5.2.jar;C:\Program Files\JetBrains\IntelliJ IDEA Community Edition 2017.2.2\lib\idea_rt.jar"/>
    <property name="java.vm.specification.version" value="1.8"/>
    <property name="sun.arch.data.model" value="64"/>
    <property name="java.home" value="C:\Program Files\Java\jdk1.8.0_141\jre"/>
    <property name="sun.java.command" value="org.codehaus.classworlds.Launcher -Didea.version=2017.2.3 install"/>
    <property name="java.specification.vendor" value="Oracle Corporation"/>
    <property name="user.language" value="en"/>
    <property name="awt.toolkit" value="sun.awt.windows.WToolkit"/>
    <property name="java.vm.info" value="mixed mode"/>
    <property name="java.version" value="1.8.0_141"/>
    <property name="java.ext.dirs" value="C:\Program Files\Java\jdk1.8.0_141\jre\lib\ext;C:\WINDOWS\Sun\Java\lib\ext"/>
    <property name="sun.boot.class.path" value="C:\Program Files\Java\jdk1.8.0_141\jre\lib\resources.jar;C:\Program Files\Java\jdk1.8.0_141\jre\lib\rt.jar;C:\Program Files\Java\jdk1.8.0_141\jre\lib\sunrsasign.jar;C:\Program Files\Java\jdk1.8.0_141\jre\lib\jsse.jar;C:\Program Files\Java\jdk1.8.0_141\jre\lib\jce.jar;C:\Program Files\Java\jdk1.8.0_141\jre\lib\charsets.jar;C:\Program Files\Java\jdk1.8.0_141\jre\lib\jfr.jar;C:\Program Files\Java\jdk1.8.0_141\jre\classes"/>
    <property name="java.vendor" value="Oracle Corporation"/>
    <property name="maven.home" value="C:\Program Files\JetBrains\IntelliJ IDEA Community Edition 2017.2.2\plugins\maven\lib\maven3"/>
    <property name="file.separator" value="\"/>
    <property name="java.vendor.url.bug" value="http://bugreport.sun.com/bugreport/"/>
    <property name="sun.cpu.endian" value="little"/>
    <property name="sun.io.unicode.encoding" value="UnicodeLittle"/>
    <property name="sun.desktop" value="windows"/>
    <property name="sun.cpu.isalist" value="amd64"/>
  </properties>
  <testcase name="createPost" classname="testpageobject.TestHomePage" time="9.476">
    <failure message="No modal dialog is currently open&#10;Build info: version: &apos;3.5.3&apos;, revision: &apos;a88d25fe6b&apos;, time: &apos;2017-08-29T12:42:44.417Z&apos;&#10;System info: host: &apos;LAPTOP-GI6MMR22&apos;, ip: &apos;192.168.232.1&apos;, os.name: &apos;Windows 10&apos;, os.arch: &apos;amd64&apos;, os.version: &apos;10.0&apos;, java.version: &apos;1.8.0_141&apos;&#10;Driver info: org.openqa.selenium.firefox.FirefoxDriver&#10;Capabilities [{moz:profile=C:\Users\saha4\AppData\Local\Temp\rust_mozprofile.hQU1npcK3HAC, rotatable=false, timeouts={implicit=0, pageLoad=300000, script=30000}, pageLoadStrategy=normal, platform=XP, specificationLevel=0, moz:accessibilityChecks=false, acceptInsecureCerts=false, browserVersion=55.0.3, platformVersion=10.0, moz:processID=13788, browserName=firefox, javascriptEnabled=true, platformName=XP}]&#10;Session ID: 4800db52-4563-4aee-8559-f0c7af04b551" type="org.openqa.selenium.NoAlertPresentException">org.openqa.selenium.NoAlertPresentException: 
No modal dialog is currently open
Build info: version: '3.5.3', revision: 'a88d25fe6b', time: '2017-08-29T12:42:44.417Z'
System info: host: 'LAPTOP-GI6MMR22', ip: '192.168.232.1', os.name: 'Windows 10', os.arch: 'amd64', os.version: '10.0', java.version: '1.8.0_141'
Driver info: org.openqa.selenium.firefox.FirefoxDriver
Capabilities [{moz:profile=C:\Users\saha4\AppData\Local\Temp\rust_mozprofile.hQU1npcK3HAC, rotatable=false, timeouts={implicit=0, pageLoad=300000, script=30000}, pageLoadStrategy=normal, platform=XP, specificationLevel=0, moz:accessibilityChecks=false, acceptInsecureCerts=false, browserVersion=55.0.3, platformVersion=10.0, moz:processID=13788, browserName=firefox, javascriptEnabled=true, platformName=XP}]
Session ID: 4800db52-4563-4aee-8559-f0c7af04b551
	at testpageobject.TestHomePage.createPost(TestHomePage.java:38)
</failure>
    <system-out><![CDATA[Starting the browser
]]></system-out>
    <system-err><![CDATA[1505580759660	geckodriver	INFO	geckodriver 0.18.0
1505580759665	geckodriver	INFO	Listening on 127.0.0.1:31239
1505580760275	geckodriver::marionette	INFO	Starting browser C:\Program Files\Mozilla Firefox\firefox.exe with args ["-marionette"]
1505580761601	addons.xpi	WARN	Error parsing extensions state: [Exception... "Component returned failure code: 0x80520012 (NS_ERROR_FILE_NOT_FOUND) [amIAddonManagerStartup.readStartupData]"  nsresult: "0x80520012 (NS_ERROR_FILE_NOT_FOUND)"  location: "JS frame :: resource://gre/modules/addons/XPIProvider.jsm :: loadExtensionState :: line 1596"  data: no] Stack trace: loadExtensionState()@resource://gre/modules/addons/XPIProvider.jsm:1596 < getInstallState()@resource://gre/modules/addons/XPIProvider.jsm:1631 < checkForChanges()@resource://gre/modules/addons/XPIProvider.jsm:3152 < startup()@resource://gre/modules/addons/XPIProvider.jsm:2246 < callProvider()@resource://gre/modules/AddonManager.jsm:271 < _startProvider()@resource://gre/modules/AddonManager.jsm:741 < startup()@resource://gre/modules/AddonManager.jsm:908 < startup()@resource://gre/modules/AddonManager.jsm:3122 < observe()@jar:file:///C:/Program%20Files/Mozilla%20Firefox/omni.ja!/components/addonManager.js:65
1505580762624	Marionette	INFO	Enabled via --marionette
Unable to read VR Path Registry from C:\Users\saha4\AppData\Local\openvr\openvrpaths.vrpath
[GPU 14076] WARNING: pipe error: 109: file c:/builds/moz2_slave/m-rel-w64-00000000000000000000/build/src/ipc/chromium/src/chrome/common/ipc_channel_win.cc, line 346
Unable to read VR Path Registry from C:\Users\saha4\AppData\Local\openvr\openvrpaths.vrpath
[Parent 13788] WARNING: pipe error: 109: file c:/builds/moz2_slave/m-rel-w64-00000000000000000000/build/src/ipc/chromium/src/chrome/common/ipc_channel_win.cc, line 346
Unable to read VR Path Registry from C:\Users\saha4\AppData\Local\openvr\openvrpaths.vrpath
[Child 9376] WARNING: pipe error: 109: file c:/builds/moz2_slave/m-rel-w64-00000000000000000000/build/src/ipc/chromium/src/chrome/common/ipc_channel_win.cc, line 346
[Child 9376] WARNING: pipe error: 109: file c:/builds/moz2_slave/m-rel-w64-00000000000000000000/build/src/ipc/chromium/src/chrome/common/ipc_channel_win.cc, line 346
1505580767353	Marionette	INFO	Listening on port 56101
1505580767384	Marionette	INFO	Listening on port 56101
1505580767846	Marionette	DEBUG	loaded listener.js
Sep 16, 2017 12:52:47 PM org.openqa.selenium.remote.ProtocolHandshake createSession
INFO: Detected dialect: W3C
1505580768533	Marionette	DEBUG	Received DOM event "beforeunload" for "about:blank"
1505580768872	Marionette	DEBUG	Received DOM event "pagehide" for "about:blank"
1505580768873	Marionette	DEBUG	Received DOM event "unload" for "about:blank"
1505580769559	Marionette	DEBUG	Received DOM event "DOMContentLoaded" for "https://www.facebook.com/"
1505580769735	Marionette	DEBUG	Received DOM event "DOMContentLoaded" for "https://www.facebook.com/"
1505580769757	Marionette	DEBUG	Received DOM event "pageshow" for "https://www.facebook.com/"
1505580769769	Marionette	DEBUG	Received DOM event "DOMContentLoaded" for "https://www.facebook.com/"
1505580769773	Marionette	DEBUG	Received DOM event "pageshow" for "https://www.facebook.com/"
1505580770898	Marionette	DEBUG	Received DOM event "DOMContentLoaded" for "https://staticxx.facebook.com/common/referer_frame.php"
1505580770910	Marionette	DEBUG	Received DOM event "pageshow" for "https://staticxx.facebook.com/common/referer_frame.php"
1505580770924	Marionette	DEBUG	Received DOM event "DOMContentLoaded" for "https://staticxx.facebook.com/common/referer_frame.php"
1505580770935	Marionette	DEBUG	Received DOM event "pageshow" for "https://staticxx.facebook.com/common/referer_frame.php"
1505580770936	Marionette	DEBUG	Received DOM event "DOMContentLoaded" for "https://staticxx.facebook.com/common/referer_frame.php"
1505580770943	Marionette	DEBUG	Received DOM event "pageshow" for "https://staticxx.facebook.com/common/referer_frame.php"
1505580771254	Marionette	DEBUG	Received DOM event "pageshow" for "https://www.facebook.com/"
1505580773837	Marionette	DEBUG	Received DOM event "beforeunload" for "https://www.facebook.com/"
1505580774242	Marionette	DEBUG	Received DOM event "pagehide" for "https://www.facebook.com/"
1505580774248	Marionette	DEBUG	Received DOM event "unload" for "https://www.facebook.com/"
1505580775242	Marionette	DEBUG	Received DOM event "DOMContentLoaded" for "https://www.facebook.com/"
1505580775249	Marionette	DEBUG	Received DOM event "pageshow" for "https://www.facebook.com/"
1505580775258	Marionette	DEBUG	Received DOM event "DOMContentLoaded" for "https://www.facebook.com/"
1505580775270	Marionette	DEBUG	Received DOM event "pageshow" for "https://www.facebook.com/"
1505580775274	Marionette	DEBUG	Received observer notification "outer-window-destroyed" for "4294967310"
1505580775276	Marionette	DEBUG	Received observer notification "outer-window-destroyed" for "4294967301"
1505580775278	Marionette	DEBUG	Received observer notification "outer-window-destroyed" for "4294967302"
1505580775279	Marionette	DEBUG	Received observer notification "outer-window-destroyed" for "4294967305"
1505580777219	Marionette	DEBUG	Received DOM event "DOMContentLoaded" for "https://www.facebook.com/"
1505580777222	Marionette	DEBUG	Received DOM event "pageshow" for "https://www.facebook.com/"
1505580777422	Marionette	DEBUG	Received DOM event "DOMContentLoaded" for "https://www.facebook.com/"
1505580778894	Marionette	DEBUG	Received DOM event "DOMContentLoaded" for "https://staticxx.facebook.com/common/referer_frame.php"
1505580778915	Marionette	DEBUG	Received DOM event "pageshow" for "https://staticxx.facebook.com/common/referer_frame.php"
1505580778917	Marionette	DEBUG	Received DOM event "DOMContentLoaded" for "https://staticxx.facebook.com/common/referer_frame.php"
1505580778929	Marionette	DEBUG	Received DOM event "pageshow" for "https://staticxx.facebook.com/common/referer_frame.php"
1505580778933	Marionette	DEBUG	Received DOM event "DOMContentLoaded" for "https://staticxx.facebook.com/common/referer_frame.php"
1505580778941	Marionette	DEBUG	Received DOM event "pageshow" for "https://staticxx.facebook.com/common/referer_frame.php"
1505580779029	Marionette	DEBUG	Received DOM event "DOMContentLoaded" for "https://staticxx.facebook.com/common/referer_frame.php"
1505580779036	Marionette	DEBUG	Received DOM event "pageshow" for "https://staticxx.facebook.com/common/referer_frame.php"
1505580779052	Marionette	DEBUG	Received DOM event "DOMContentLoaded" for "https://staticxx.facebook.com/common/referer_frame.php"
1505580779057	Marionette	DEBUG	Received DOM event "pageshow" for "https://staticxx.facebook.com/common/referer_frame.php"
1505580779060	Marionette	DEBUG	Received DOM event "DOMContentLoaded" for "https://staticxx.facebook.com/common/referer_frame.php"
1505580779066	Marionette	DEBUG	Received DOM event "pageshow" for "https://staticxx.facebook.com/common/referer_frame.php"
1505580779639	Marionette	DEBUG	Received DOM event "DOMContentLoaded" for "https://www.facebook.com/xti.php?xt=AZWoBds-3inYrGBNRWmhaw-BUJn1vOSSu2k9G4_q1zZnPdWIrpYpRhPag88BJ6O1_sNAeUam-q9kEBx_rNf3MDN5JfXj9bc2NqRwYA9ds9UqGg&isv=1&cts=1505580778&csp"
1505580779689	Marionette	DEBUG	Received DOM event "pageshow" for "https://www.facebook.com/xti.php?xt=AZWoBds-3inYrGBNRWmhaw-BUJn1vOSSu2k9G4_q1zZnPdWIrpYpRhPag88BJ6O1_sNAeUam-q9kEBx_rNf3MDN5JfXj9bc2NqRwYA9ds9UqGg&isv=1&cts=1505580778&csp"
1505580779772	Marionette	DEBUG	Received observer notification "outer-window-destroyed" for "4294967329"
1505580779776	Marionette	DEBUG	Received DOM event "DOMContentLoaded" for "https://www.facebook.com/sem_campaigns/sem_pixel_test/?google_pixel_category=1&google_pixel_src=https%3A%2F%2Fgoogleads.g.doubleclick.net%2Fpagead%2Fviewthroughconversion%2F995153884%2F%3Fvalue%3D1.00%26currency_code%3DUSD%26label%3DWu-ZCMSIzlwQ3K_D2gM%26guid%3DON%26script%3D0&encoded_one=AQTc6k_aikX6lAKKjXfYuAs6lJ-pJwhM0GMHYEWjbrbfn9pa6CkAY8uuzSSxlYO9qUMNSUt2lL5expTac8I4stTr&encoded_two=AQS8bnu5QFCdqq1tn_K8u0yeeuS21dgGv8PVVKTg91IrGHPRLmdqgWDX4RotPeDh6GJJLMgoIrlfA5QVXJdWtv5g"
1505580779787	Marionette	DEBUG	Received DOM event "pageshow" for "https://www.facebook.com/sem_campaigns/sem_pixel_test/?google_pixel_category=1&google_pixel_src=https%3A%2F%2Fgoogleads.g.doubleclick.net%2Fpagead%2Fviewthroughconversion%2F995153884%2F%3Fvalue%3D1.00%26currency_code%3DUSD%26label%3DWu-ZCMSIzlwQ3K_D2gM%26guid%3DON%26script%3D0&encoded_one=AQTc6k_aikX6lAKKjXfYuAs6lJ-pJwhM0GMHYEWjbrbfn9pa6CkAY8uuzSSxlYO9qUMNSUt2lL5expTac8I4stTr&encoded_two=AQS8bnu5QFCdqq1tn_K8u0yeeuS21dgGv8PVVKTg91IrGHPRLmdqgWDX4RotPeDh6GJJLMgoIrlfA5QVXJdWtv5g"
1505580779967	Marionette	DEBUG	Received DOM event "DOMContentLoaded" for "https://tm-sbx.fbsbx.com/landing/?org_id=j8ck72di&session_id=ARCSEGt8AFgb4tKB"
1505580779974	Marionette	DEBUG	Received observer notification "outer-window-destroyed" for "4294967331"
1505580779979	Marionette	DEBUG	Received DOM event "pageshow" for "https://www.google.com/ads/user-lists/995153884/?value=1.00&currency_code=USD&label=Wu-ZCMSIzlwQ3K_D2gM&guid=ON&script=0&cdct=2&is_vtc=1&random=1434070681"
1505580779980	Marionette	DEBUG	Received observer notification "outer-window-destroyed" for "4294967326"
1505580780479	Marionette	DEBUG	Received DOM event "DOMContentLoaded" for "https://tm-sbx.fbsbx.com/landing/?org_id=j8ck72di&session_id=ARCSEGt8AFgb4tKB"
1505580780500	Marionette	DEBUG	Received DOM event "pageshow" for "https://tm-sbx.fbsbx.com/landing/?org_id=j8ck72di&session_id=ARCSEGt8AFgb4tKB"
1505580780503	Marionette	DEBUG	Received DOM event "pageshow" for "https://tm-sbx.fbsbx.com/landing/?org_id=j8ck72di&session_id=ARCSEGt8AFgb4tKB"
1505580780613	Marionette	DEBUG	Received DOM event "pageshow" for "https://www.facebook.com/"
]]></system-err>
  </testcase>
</testsuite>