<?xml version="1.0" encoding="UTF-8"?>
<!-- Generated by org.testng.reporters.JUnitReportReporter -->
<testsuite skipped="0" hostname="LAPTOP-GI6MMR22" name="testPageObject.TestHomePage" tests="1" failures="0" timestamp="16 Sep 2017 16:49:03 GMT" time="21.434" errors="0">
  <testcase name="checkNotification" time="21.434" classname="testPageObject.TestHomePage"/>
</testsuite> <!-- testPageObject.TestHomePage -->
